<?xml version="1.0" encoding="UTF-8"?>
<testng-results ignored="0" total="6" passed="4" failed="2" skipped="0">
  <reporter-output>
  </reporter-output>
  <suite started-at="2020-06-24T00:54:29Z" name="Suite" finished-at="2020-06-24T00:56:13Z" duration-ms="103768">
    <groups>
    </groups>
    <test started-at="2020-06-24T00:54:29Z" name="my hub spot test chrome" finished-at="2020-06-24T00:55:31Z" duration-ms="61775">
      <class name="com.MyTests.LoginTest">
        <test-method is-config="true" signature="setUpTest(java.lang.String)[pri:0, instance:com.MyTests.LoginTest@28f3b248]" started-at="2020-06-24T00:54:30Z" name="setUpTest" finished-at="2020-06-24T00:54:42Z" duration-ms="12031" status="PASS">
          <params>
            <param index="0">
              <value>
                <![CDATA[chrome]]>
              </value>
            </param>
          </params>
          <reporter-output>
          </reporter-output>
        </test-method> <!-- setUpTest -->
        <test-method signature="verifyLoginPageTitleTest()[pri:1, instance:com.MyTests.LoginTest@28f3b248]" started-at="2020-06-24T00:54:42Z" name="verifyLoginPageTitleTest" finished-at="2020-06-24T00:54:45Z" duration-ms="3420" status="PASS">
          <reporter-output>
          </reporter-output>
        </test-method> <!-- verifyLoginPageTitleTest -->
        <test-method is-config="true" signature="tearDown()[pri:0, instance:com.MyTests.LoginTest@28f3b248]" started-at="2020-06-24T00:54:45Z" name="tearDown" finished-at="2020-06-24T00:54:48Z" duration-ms="2688" status="PASS">
          <reporter-output>
          </reporter-output>
        </test-method> <!-- tearDown -->
        <test-method is-config="true" signature="setUpTest(java.lang.String)[pri:0, instance:com.MyTests.LoginTest@28f3b248]" started-at="2020-06-24T00:54:48Z" name="setUpTest" finished-at="2020-06-24T00:55:00Z" duration-ms="12303" status="PASS">
          <params>
            <param index="0">
              <value>
                <![CDATA[chrome]]>
              </value>
            </param>
          </params>
          <reporter-output>
          </reporter-output>
        </test-method> <!-- setUpTest -->
        <test-method signature="verifyLoginPageHeaderTest()[pri:2, instance:com.MyTests.LoginTest@28f3b248]" started-at="2020-06-24T00:55:00Z" name="verifyLoginPageHeaderTest" finished-at="2020-06-24T00:55:01Z" duration-ms="533" status="PASS">
          <reporter-output>
          </reporter-output>
        </test-method> <!-- verifyLoginPageHeaderTest -->
        <test-method is-config="true" signature="tearDown()[pri:0, instance:com.MyTests.LoginTest@28f3b248]" started-at="2020-06-24T00:55:01Z" name="tearDown" finished-at="2020-06-24T00:55:02Z" duration-ms="828" status="PASS">
          <reporter-output>
          </reporter-output>
        </test-method> <!-- tearDown -->
        <test-method is-config="true" signature="setUpTest(java.lang.String)[pri:0, instance:com.MyTests.LoginTest@28f3b248]" started-at="2020-06-24T00:55:02Z" name="setUpTest" finished-at="2020-06-24T00:55:12Z" duration-ms="10132" status="PASS">
          <params>
            <param index="0">
              <value>
                <![CDATA[chrome]]>
              </value>
            </param>
          </params>
          <reporter-output>
          </reporter-output>
        </test-method> <!-- setUpTest -->
        <test-method signature="doLoginTest()[pri:3, instance:com.MyTests.LoginTest@28f3b248]" started-at="2020-06-24T00:55:12Z" name="doLoginTest" finished-at="2020-06-24T00:55:30Z" duration-ms="18659" status="FAIL">
          <exception class="java.lang.NullPointerException">
            <full-stacktrace>
              <![CDATA[java.lang.NullPointerException
at com.MyPages.BasePage.getPageHeader(BasePage.java:22)
at com.MyPages.HomePage.getHomePageHeader(HomePage.java:32)
at com.MyTests.LoginTest.doLoginTest(LoginTest.java:35)
at java.base/jdk.internal.reflect.NativeMethodAccessorImpl.invoke0(Native Method)
at java.base/jdk.internal.reflect.NativeMethodAccessorImpl.invoke(NativeMethodAccessorImpl.java:62)
at java.base/jdk.internal.reflect.DelegatingMethodAccessorImpl.invoke(DelegatingMethodAccessorImpl.java:43)
at java.base/java.lang.reflect.Method.invoke(Method.java:564)
at org.testng.internal.MethodInvocationHelper.invokeMethod(MethodInvocationHelper.java:124)
at org.testng.internal.Invoker.invokeMethod(Invoker.java:583)
at org.testng.internal.Invoker.invokeTestMethod(Invoker.java:719)
at org.testng.internal.Invoker.invokeTestMethods(Invoker.java:989)
at org.testng.internal.TestMethodWorker.invokeTestMethods(TestMethodWorker.java:125)
at org.testng.internal.TestMethodWorker.run(TestMethodWorker.java:109)
at java.base/java.util.concurrent.ThreadPoolExecutor.runWorker(ThreadPoolExecutor.java:1130)
at java.base/java.util.concurrent.ThreadPoolExecutor$Worker.run(ThreadPoolExecutor.java:630)
at java.base/java.lang.Thread.run(Thread.java:832)
]]>
            </full-stacktrace>
          </exception> <!-- java.lang.NullPointerException -->
          <reporter-output>
          </reporter-output>
        </test-method> <!-- doLoginTest -->
        <test-method is-config="true" signature="tearDown()[pri:0, instance:com.MyTests.LoginTest@28f3b248]" started-at="2020-06-24T00:55:30Z" name="tearDown" finished-at="2020-06-24T00:55:31Z" duration-ms="867" status="PASS">
          <reporter-output>
          </reporter-output>
        </test-method> <!-- tearDown -->
      </class> <!-- com.MyTests.LoginTest -->
    </test> <!-- my hub spot test chrome -->
    <test started-at="2020-06-24T00:54:29Z" name="my hub spot test firefox" finished-at="2020-06-24T00:56:13Z" duration-ms="103768">
      <class name="com.MyTests.LoginTest">
        <test-method is-config="true" signature="setUpTest(java.lang.String)[pri:0, instance:com.MyTests.LoginTest@3f6b0be5]" started-at="2020-06-24T00:54:30Z" name="setUpTest" finished-at="2020-06-24T00:54:49Z" duration-ms="19127" status="PASS">
          <params>
            <param index="0">
              <value>
                <![CDATA[ff]]>
              </value>
            </param>
          </params>
          <reporter-output>
          </reporter-output>
        </test-method> <!-- setUpTest -->
        <test-method signature="verifyLoginPageTitleTest()[pri:1, instance:com.MyTests.LoginTest@3f6b0be5]" started-at="2020-06-24T00:54:49Z" name="verifyLoginPageTitleTest" finished-at="2020-06-24T00:54:49Z" duration-ms="10" status="PASS">
          <reporter-output>
          </reporter-output>
        </test-method> <!-- verifyLoginPageTitleTest -->
        <test-method is-config="true" signature="tearDown()[pri:0, instance:com.MyTests.LoginTest@3f6b0be5]" started-at="2020-06-24T00:54:49Z" name="tearDown" finished-at="2020-06-24T00:55:07Z" duration-ms="18287" status="PASS">
          <reporter-output>
          </reporter-output>
        </test-method> <!-- tearDown -->
        <test-method is-config="true" signature="setUpTest(java.lang.String)[pri:0, instance:com.MyTests.LoginTest@3f6b0be5]" started-at="2020-06-24T00:55:07Z" name="setUpTest" finished-at="2020-06-24T00:55:24Z" duration-ms="16831" status="PASS">
          <params>
            <param index="0">
              <value>
                <![CDATA[ff]]>
              </value>
            </param>
          </params>
          <reporter-output>
          </reporter-output>
        </test-method> <!-- setUpTest -->
        <test-method signature="verifyLoginPageHeaderTest()[pri:2, instance:com.MyTests.LoginTest@3f6b0be5]" started-at="2020-06-24T00:55:24Z" name="verifyLoginPageHeaderTest" finished-at="2020-06-24T00:55:24Z" duration-ms="61" status="PASS">
          <reporter-output>
          </reporter-output>
        </test-method> <!-- verifyLoginPageHeaderTest -->
        <test-method is-config="true" signature="tearDown()[pri:0, instance:com.MyTests.LoginTest@3f6b0be5]" started-at="2020-06-24T00:55:24Z" name="tearDown" finished-at="2020-06-24T00:55:36Z" duration-ms="12495" status="PASS">
          <reporter-output>
          </reporter-output>
        </test-method> <!-- tearDown -->
        <test-method is-config="true" signature="setUpTest(java.lang.String)[pri:0, instance:com.MyTests.LoginTest@3f6b0be5]" started-at="2020-06-24T00:55:36Z" name="setUpTest" finished-at="2020-06-24T00:55:51Z" duration-ms="14322" status="PASS">
          <params>
            <param index="0">
              <value>
                <![CDATA[ff]]>
              </value>
            </param>
          </params>
          <reporter-output>
          </reporter-output>
        </test-method> <!-- setUpTest -->
        <test-method signature="doLoginTest()[pri:3, instance:com.MyTests.LoginTest@3f6b0be5]" started-at="2020-06-24T00:55:51Z" name="doLoginTest" finished-at="2020-06-24T00:56:07Z" duration-ms="16141" status="FAIL">
          <exception class="java.lang.NullPointerException">
            <full-stacktrace>
              <![CDATA[java.lang.NullPointerException
at com.MyPages.BasePage.getPageHeader(BasePage.java:22)
at com.MyPages.HomePage.getHomePageHeader(HomePage.java:32)
at com.MyTests.LoginTest.doLoginTest(LoginTest.java:35)
at java.base/jdk.internal.reflect.NativeMethodAccessorImpl.invoke0(Native Method)
at java.base/jdk.internal.reflect.NativeMethodAccessorImpl.invoke(NativeMethodAccessorImpl.java:62)
at java.base/jdk.internal.reflect.DelegatingMethodAccessorImpl.invoke(DelegatingMethodAccessorImpl.java:43)
at java.base/java.lang.reflect.Method.invoke(Method.java:564)
at org.testng.internal.MethodInvocationHelper.invokeMethod(MethodInvocationHelper.java:124)
at org.testng.internal.Invoker.invokeMethod(Invoker.java:583)
at org.testng.internal.Invoker.invokeTestMethod(Invoker.java:719)
at org.testng.internal.Invoker.invokeTestMethods(Invoker.java:989)
at org.testng.internal.TestMethodWorker.invokeTestMethods(TestMethodWorker.java:125)
at org.testng.internal.TestMethodWorker.run(TestMethodWorker.java:109)
at java.base/java.util.concurrent.ThreadPoolExecutor.runWorker(ThreadPoolExecutor.java:1130)
at java.base/java.util.concurrent.ThreadPoolExecutor$Worker.run(ThreadPoolExecutor.java:630)
at java.base/java.lang.Thread.run(Thread.java:832)
]]>
            </full-stacktrace>
          </exception> <!-- java.lang.NullPointerException -->
          <reporter-output>
          </reporter-output>
        </test-method> <!-- doLoginTest -->
        <test-method is-config="true" signature="tearDown()[pri:0, instance:com.MyTests.LoginTest@3f6b0be5]" started-at="2020-06-24T00:56:07Z" name="tearDown" finished-at="2020-06-24T00:56:13Z" duration-ms="6327" status="PASS">
          <reporter-output>
          </reporter-output>
        </test-method> <!-- tearDown -->
      </class> <!-- com.MyTests.LoginTest -->
    </test> <!-- my hub spot test firefox -->
  </suite> <!-- Suite -->
</testng-results>
